AutoBackup - by yzworkstation - Started. (2024/08/12 周一 13:41:31.65) 
Running - [2024/08/12 周一 13:41:31.65] 
[Launch 2024/08/12 周一 13:41:31.67] Timer started. 
AutoBackup - by yzworkstation - Started. (2024/08/12 周一 13:41:49.49) 
Running - [2024/08/12 周一 13:41:49.49] 
[Launch 2024/08/12 周一 13:41:49.50] Timer started. 
[2024/08/12 周一 13:41:59.21] Backuping... 
[2024/08/12 周一 13:41:59.30] Backup completed. 
[2024/08/12 周一 13:42:10.14] Backuping... 
[2024/08/12 周一 13:42:10.17] Backup completed. 
AutoBackup - by yzworkstation - Started. (2024/08/12 周一 13:42:48.63) 
Running - [2024/08/12 周一 13:42:48.63] 
[Launch 2024/08/12 周一 13:42:48.65] Timer started. 
[2024/08/12 周一 13:42:59.21] Backuping... 
[2024/08/12 周一 13:42:59.24] Backup completed. 
[2024/08/12 周一 13:43:10.19] Backuping... 
[2024/08/12 周一 13:43:10.21] Backup completed. 
[2024/08/12 周一 13:43:21.15] Backuping... 
[2024/08/12 周一 13:43:21.18] Backup completed. 
[2024/08/12 周一 13:43:32.16] Backuping... 
[2024/08/12 周一 13:43:32.18] Backup completed. 
[2024/08/12 周一 13:43:43.22] Backuping... 
[2024/08/12 周一 13:43:43.24] Backup completed. 
[2024/08/12 周一 13:43:54.14] Backuping... 
[2024/08/12 周一 13:43:54.18] Backup completed. 
[2024/08/12 周一 13:44:05.18] Backuping... 
[2024/08/12 周一 13:44:05.21] Backup completed. 
[2024/08/12 周一 13:44:16.21] Backuping... 
[2024/08/12 周一 13:44:16.23] Backup completed. 
[2024/08/12 周一 13:44:27.16] Backuping... 
[2024/08/12 周一 13:44:27.18] Backup completed. 
[2024/08/12 周一 13:44:38.20] Backuping... 
[2024/08/12 周一 13:44:38.24] Backup completed. 
[2024/08/12 周一 13:44:49.16] Backuping... 
[2024/08/12 周一 13:44:49.18] Backup completed. 
[2024/08/12 周一 13:45:00.20] Backuping... 
[2024/08/12 周一 13:45:00.23] Backup completed. 
[2024/08/12 周一 13:45:11.14] Backuping... 
[2024/08/12 周一 13:45:11.17] Backup completed. 
[2024/08/12 周一 13:45:22.20] Backuping... 
[2024/08/12 周一 13:45:22.23] Backup completed. 
[2024/08/12 周一 13:45:33.17] Backuping... 
[2024/08/12 周一 13:45:33.19] Backup completed. 
[2024/08/12 周一 13:45:44.13] Backuping... 
[2024/08/12 周一 13:45:44.15] Backup completed. 
AutoBackup - by yzworkstation - Started. (2024/08/12 周一 13:47:48.90) 
Running - [2024/08/12 周一 13:47:48.90] 
[Launch 2024/08/12 周一 13:47:48.92] Timer started. 
[2024/08/12 周一 13:47:59.21] Backuping... 
[2024/08/12 周一 13:47:59.23] Backup completed. 
[2024/08/12 周一 13:48:10.11] Backuping... 
[2024/08/12 周一 13:48:10.13] Backup completed. 
AutoBackup - by yzworkstation - Started. (2024/08/12 周一 13:50:03.76) 
Running - [2024/08/12 周一 13:50:03.76] 
[Launch 2024/08/12 周一 13:50:03.78] Timer started. 
AutoBackup - by yzworkstation - Started. (2024/08/12 周一 13:50:37.53) 
Running - [2024/08/12 周一 13:50:37.53] 
[Launch 2024/08/12 周一 13:50:37.55] Timer started. 
[2024/08/12 周一 13:50:47.12] Backuping... 
[2024/08/12 周一 13:50:47.12] Debug info: 
[2024/08/12 周一 13:50:47.13] sort= ~1,99999 
[2024/08/12 周一 13:50:47.14] delsort= 
[2024/08/12 周一 13:50:47.17] Backup completed. 
[2024/08/12 周一 13:50:58.20] Backuping... 
[2024/08/12 周一 13:50:58.20] Debug info: 
[2024/08/12 周一 13:50:58.21] sort= -2 
[2024/08/12 周一 13:50:58.22] delsort=-5 
[2024/08/12 周一 13:50:58.25] Backup completed. 
[2024/08/12 周一 13:51:09.14] Backuping... 
[2024/08/12 周一 13:51:09.14] Debug info: 
[2024/08/12 周一 13:51:09.15] sort= -1 
[2024/08/12 周一 13:51:09.15] delsort=-4 
[2024/08/12 周一 13:51:09.18] Backup completed. 
AutoBackup - by yzworkstation - Started. (2024/08/12 周一 13:51:46.53) 
Running - [2024/08/12 周一 13:51:46.53] 
[Launch 2024/08/12 周一 13:51:46.55] Timer started. 
AutoBackup - by yzworkstation - Started. (2024/08/12 周一 13:51:52.76) 
Running - [2024/08/12 周一 13:51:52.76] 
[Launch 2024/08/12 周一 13:51:52.78] Timer started. 
[2024/08/12 周一 13:52:03.12] Backuping... 
[2024/08/12 周一 13:52:03.12] Debug info: 
[2024/08/12 周一 13:52:03.13] sort= 0 
[2024/08/12 周一 13:52:03.14] delsort= 
[2024/08/12 周一 13:52:03.16] Backup completed. 
[2024/08/12 周一 13:52:14.18] Backuping... 
[2024/08/12 周一 13:52:14.18] Debug info: 
[2024/08/12 周一 13:52:14.19] sort= 1 
[2024/08/12 周一 13:52:14.20] delsort=-2 
[2024/08/12 周一 13:52:14.22] Backup completed. 
AutoBackup - by yzworkstation - Started. (2024/08/12 周一 13:52:25.63) 
Running - [2024/08/12 周一 13:52:25.63] 
[Launch 2024/08/12 周一 13:52:25.65] Timer started. 
[2024/08/12 周一 13:52:36.12] Backuping... 
[2024/08/12 周一 13:52:36.12] Debug info: 
[2024/08/12 周一 13:52:36.13] sort= 0 
[2024/08/12 周一 13:52:36.13] delsort= 
[2024/08/12 周一 13:52:36.16] Backup completed. 
[2024/08/12 周一 13:52:47.18] Backuping... 
[2024/08/12 周一 13:52:47.18] Debug info: 
[2024/08/12 周一 13:52:47.19] sort= 1 
[2024/08/12 周一 13:52:47.20] delsort=-2 
[2024/08/12 周一 13:52:47.23] Backup completed. 
[2024/08/12 周一 13:52:58.14] Backuping... 
[2024/08/12 周一 13:52:58.14] Debug info: 
[2024/08/12 周一 13:52:58.15] sort= 2 
[2024/08/12 周一 13:52:58.16] delsort=-1 
[2024/08/12 周一 13:52:58.18] Backup completed. 
[2024/08/12 周一 13:53:09.11] Backuping... 
[2024/08/12 周一 13:53:09.11] Debug info: 
[2024/08/12 周一 13:53:09.12] sort= 3 
[2024/08/12 周一 13:53:09.13] delsort=0 
[2024/08/12 周一 13:53:09.15] Backup completed. 
[2024/08/12 周一 13:53:20.18] Backuping... 
[2024/08/12 周一 13:53:20.18] Debug info: 
[2024/08/12 周一 13:53:20.19] sort= 4 
[2024/08/12 周一 13:53:20.19] delsort=1 
[2024/08/12 周一 13:53:20.22] Backup completed. 
[2024/08/12 周一 13:53:31.16] Backuping... 
[2024/08/12 周一 13:53:31.16] Debug info: 
[2024/08/12 周一 13:53:31.17] sort= 5 
[2024/08/12 周一 13:53:31.18] delsort=2 
[2024/08/12 周一 13:53:31.21] Backup completed. 
[2024/08/12 周一 13:53:42.12] Backuping... 
[2024/08/12 周一 13:53:42.12] Debug info: 
[2024/08/12 周一 13:53:42.13] sort= 6 
[2024/08/12 周一 13:53:42.14] delsort=3 
[2024/08/12 周一 13:53:42.17] Backup completed. 
[2024/08/12 周一 13:53:53.21] Backuping... 
[2024/08/12 周一 13:53:53.21] Debug info: 
[2024/08/12 周一 13:53:53.22] sort= 7 
[2024/08/12 周一 13:53:53.22] delsort=4 
[2024/08/12 周一 13:53:53.25] Backup completed. 
[2024/08/12 周一 13:54:04.18] Backuping... 
[2024/08/12 周一 13:54:04.18] Debug info: 
[2024/08/12 周一 13:54:04.18] sort= 8 
[2024/08/12 周一 13:54:04.19] delsort=5 
[2024/08/12 周一 13:54:04.22] Backup completed. 
[2024/08/12 周一 13:54:15.13] Backuping... 
[2024/08/12 周一 13:54:15.13] Debug info: 
[2024/08/12 周一 13:54:15.14] sort= 9 
[2024/08/12 周一 13:54:15.14] delsort=6 
[2024/08/12 周一 13:54:15.17] Backup completed. 
AutoBackup - by yzworkstation - Started. (2024/08/12 周一 13:58:02.16) 
Running - [2024/08/12 周一 13:58:02.16] 
[Launch 2024/08/12 周一 13:58:02.17] Timer started. 
[2024/08/12 周一 13:58:12.17] Backuping... 
[2024/08/12 周一 13:58:12.17] Debug info: 
[2024/08/12 周一 13:58:12.18] sort= 0 
[2024/08/12 周一 13:58:12.18] delsort= 
[2024/08/12 周一 13:58:12.21] Backup completed. 
[2024/08/12 周一 13:58:23.11] Backuping... 
[2024/08/12 周一 13:58:23.11] Debug info: 
[2024/08/12 周一 13:58:23.12] sort= 1 
[2024/08/12 周一 13:58:23.13] delsort=-2 
[2024/08/12 周一 13:58:23.16] Backup completed. 
[2024/08/12 周一 13:58:34.17] Backuping... 
[2024/08/12 周一 13:58:34.17] Debug info: 
[2024/08/12 周一 13:58:34.18] sort= 2 
[2024/08/12 周一 13:58:34.18] delsort=-1 
[2024/08/12 周一 13:58:34.21] Backup completed. 
[2024/08/12 周一 13:58:45.21] Backuping... 
[2024/08/12 周一 13:58:45.21] Debug info: 
[2024/08/12 周一 13:58:45.22] sort= 3 
[2024/08/12 周一 13:58:45.23] delsort=0 
[2024/08/12 周一 13:58:45.26] Backup completed. 
[2024/08/12 周一 13:58:56.14] Backuping... 
[2024/08/12 周一 13:58:56.14] Debug info: 
[2024/08/12 周一 13:58:56.15] sort= 4 
[2024/08/12 周一 13:58:56.16] delsort=1 
[2024/08/12 周一 13:58:56.19] Backup completed. 
[2024/08/12 周一 13:59:07.18] Backuping... 
[2024/08/12 周一 13:59:07.18] Debug info: 
[2024/08/12 周一 13:59:07.19] sort= 5 
[2024/08/12 周一 13:59:07.20] delsort=2 
[2024/08/12 周一 13:59:07.23] Backup completed. 
[2024/08/12 周一 13:59:18.20] Backuping... 
[2024/08/12 周一 13:59:18.20] Debug info: 
[2024/08/12 周一 13:59:18.21] sort= 6 
[2024/08/12 周一 13:59:18.21] delsort=3 
[2024/08/12 周一 13:59:18.24] Backup completed. 
[2024/08/12 周一 13:59:29.12] Backuping... 
[2024/08/12 周一 13:59:29.12] Debug info: 
[2024/08/12 周一 13:59:29.12] sort= 7 
[2024/08/12 周一 13:59:29.13] delsort=4 
[2024/08/12 周一 13:59:29.16] Backup completed. 
[2024/08/12 周一 13:59:40.15] Backuping... 
[2024/08/12 周一 13:59:40.15] Debug info: 
[2024/08/12 周一 13:59:40.16] sort= 8 
[2024/08/12 周一 13:59:40.17] delsort=5 
[2024/08/12 周一 13:59:40.19] Backup completed. 
[2024/08/12 周一 13:59:51.18] Backuping... 
[2024/08/12 周一 13:59:51.18] Debug info: 
[2024/08/12 周一 13:59:51.19] sort= 9 
[2024/08/12 周一 13:59:51.20] delsort=6 
[2024/08/12 周一 13:59:51.23] Backup completed. 
AutoBackup - by yzworkstation - Started. (2024/08/12 周一 14:01:52.78) 
Running - [2024/08/12 周一 14:01:52.78] 
[Launch 2024/08/12 周一 14:01:52.80] Timer started. 
[2024/08/12 周一 14:02:03.16] Backuping... 
[2024/08/12 周一 14:02:03.16] Debug info: 
[2024/08/12 周一 14:02:03.17] sort= 10 
[2024/08/12 周一 14:02:03.17] delsort= 
[2024/08/12 周一 14:02:03.20] Backup completed. 
AutoBackup - by yzworkstation - Started. (2024/08/12 周一 14:03:53.79) 
Running - [2024/08/12 周一 14:03:53.79] 
[Launch 2024/08/12 周一 14:03:53.81] Timer started. 
[2024/08/12 周一 14:04:04.16] Backuping... 
[2024/08/12 周一 14:04:04.16] Debug info: 
[2024/08/12 周一 14:04:04.17] sort= 11 
[2024/08/12 周一 14:04:04.17] delsort= 
[2024/08/12 周一 14:04:04.20] Backup completed. 
AutoBackup - by yzworkstation - Started. (2024/08/12 周一 14:05:31.47) 
Running - [2024/08/12 周一 14:05:31.47] 
[Launch 2024/08/12 周一 14:05:31.49] Timer started. 
[2024/08/12 周一 14:05:41.19] Backuping... 
[2024/08/12 周一 14:05:41.19] Debug info: 
[2024/08/12 周一 14:05:41.20] sort= 12 
[2024/08/12 周一 14:05:41.21] delsort= 
[2024/08/12 周一 14:05:41.23] Backup completed. 
AutoBackup - by yzworkstation - Started. (2024/08/12 周一 14:06:53.05) 
Running - [2024/08/12 周一 14:06:53.05] 
[Launch 2024/08/12 周一 14:06:53.07] Timer started. 
[2024/08/12 周一 14:07:03.19] Backuping... 
[2024/08/12 周一 14:07:03.19] Debug info: 
[2024/08/12 周一 14:07:03.20] sort= 13 
[2024/08/12 周一 14:07:03.20] delsort= 
[2024/08/12 周一 14:07:03.23] Backup completed. 
[2024/08/12 周一 14:07:14.16] Backuping... 
[2024/08/12 周一 14:07:14.16] Debug info: 
[2024/08/12 周一 14:07:14.17] sort= 14 
[2024/08/12 周一 14:07:14.18] delsort=11 
[2024/08/12 周一 14:07:14.20] Backup completed. 
AutoBackup - by yzworkstation - Started. (2024/08/12 周一 14:07:35.64) 
Running - [2024/08/12 周一 14:07:35.64] 
[Launch 2024/08/12 周一 14:07:35.66] Timer started. 
[2024/08/12 周一 14:07:46.12] Backuping... 
[2024/08/12 周一 14:07:46.12] Debug info: 
[2024/08/12 周一 14:07:46.13] sort= 0 
[2024/08/12 周一 14:07:46.13] delsort= 
[2024/08/12 周一 14:07:46.16] Backup completed. 
[2024/08/12 周一 14:07:57.20] Backuping... 
[2024/08/12 周一 14:07:57.20] Debug info: 
[2024/08/12 周一 14:07:57.21] sort= 1 
[2024/08/12 周一 14:07:57.22] delsort=-2 
[2024/08/12 周一 14:07:57.24] Backup completed. 
[2024/08/12 周一 14:08:08.16] Backuping... 
[2024/08/12 周一 14:08:08.16] Debug info: 
[2024/08/12 周一 14:08:08.17] sort= 2 
[2024/08/12 周一 14:08:08.18] delsort=-1 
[2024/08/12 周一 14:08:08.20] Backup completed. 
[2024/08/12 周一 14:08:19.12] Backuping... 
[2024/08/12 周一 14:08:19.12] Debug info: 
[2024/08/12 周一 14:08:19.13] sort= 3 
[2024/08/12 周一 14:08:19.14] delsort=0 
[2024/08/12 周一 14:08:19.17] Backup completed. 
[2024/08/12 周一 14:08:30.20] Backuping... 
[2024/08/12 周一 14:08:30.20] Debug info: 
[2024/08/12 周一 14:08:30.21] sort= 4 
[2024/08/12 周一 14:08:30.22] delsort=1 
[2024/08/12 周一 14:08:30.24] Backup completed. 
[2024/08/12 周一 14:08:41.19] Backuping... 
[2024/08/12 周一 14:08:41.19] Debug info: 
[2024/08/12 周一 14:08:41.20] sort= 5 
[2024/08/12 周一 14:08:41.20] delsort=2 
[2024/08/12 周一 14:08:41.23] Backup completed. 
[2024/08/12 周一 14:08:52.17] Backuping... 
[2024/08/12 周一 14:08:52.17] Debug info: 
[2024/08/12 周一 14:08:52.18] sort= 6 
[2024/08/12 周一 14:08:52.18] delsort=3 
[2024/08/12 周一 14:08:52.21] Backup completed. 
[2024/08/12 周一 14:09:03.15] Backuping... 
[2024/08/12 周一 14:09:03.15] Debug info: 
[2024/08/12 周一 14:09:03.16] sort= 7 
[2024/08/12 周一 14:09:03.17] delsort=4 
[2024/08/12 周一 14:09:03.20] Backup completed. 
[2024/08/12 周一 14:09:14.14] Backuping... 
[2024/08/12 周一 14:09:14.14] Debug info: 
[2024/08/12 周一 14:09:14.15] sort= 8 
[2024/08/12 周一 14:09:14.15] delsort=5 
[2024/08/12 周一 14:09:14.18] Backup completed. 
[2024/08/12 周一 14:09:25.21] Backuping... 
[2024/08/12 周一 14:09:25.21] Debug info: 
[2024/08/12 周一 14:09:25.22] sort= 9 
[2024/08/12 周一 14:09:25.22] delsort=6 
[2024/08/12 周一 14:09:25.25] Backup completed. 
[2024/08/12 周一 14:09:36.19] Backuping... 
[2024/08/12 周一 14:09:36.19] Debug info: 
[2024/08/12 周一 14:09:36.19] sort= 10 
[2024/08/12 周一 14:09:36.20] delsort=7 
[2024/08/12 周一 14:09:36.23] Backup completed. 
[2024/08/12 周一 14:09:47.17] Backuping... 
[2024/08/12 周一 14:09:47.17] Debug info: 
[2024/08/12 周一 14:09:47.18] sort= 11 
[2024/08/12 周一 14:09:47.19] delsort=8 
[2024/08/12 周一 14:09:47.21] Backup completed. 
[2024/08/12 周一 14:09:58.15] Backuping... 
[2024/08/12 周一 14:09:58.15] Debug info: 
[2024/08/12 周一 14:09:58.16] sort= 12 
[2024/08/12 周一 14:09:58.17] delsort=9 
[2024/08/12 周一 14:09:58.20] Backup completed. 
[2024/08/12 周一 14:10:09.12] Backuping... 
[2024/08/12 周一 14:10:09.12] Debug info: 
[2024/08/12 周一 14:10:09.13] sort= 13 
[2024/08/12 周一 14:10:09.14] delsort=10 
[2024/08/12 周一 14:10:09.16] Backup completed. 
[2024/08/12 周一 14:10:20.21] Backuping... 
[2024/08/12 周一 14:10:20.21] Debug info: 
[2024/08/12 周一 14:10:20.22] sort= 14 
[2024/08/12 周一 14:10:20.22] delsort=11 
[2024/08/12 周一 14:10:20.25] Backup completed. 
[2024/08/12 周一 14:10:31.20] Backuping... 
[2024/08/12 周一 14:10:31.20] Debug info: 
[2024/08/12 周一 14:10:31.20] sort= 15 
[2024/08/12 周一 14:10:31.21] delsort=12 
[2024/08/12 周一 14:10:31.24] Backup completed. 
[2024/08/12 周一 14:10:42.17] Backuping... 
[2024/08/12 周一 14:10:42.17] Debug info: 
[2024/08/12 周一 14:10:42.18] sort= 16 
[2024/08/12 周一 14:10:42.19] delsort=13 
[2024/08/12 周一 14:10:42.21] Backup completed. 
[2024/08/12 周一 14:10:53.14] Backuping... 
[2024/08/12 周一 14:10:53.14] Debug info: 
[2024/08/12 周一 14:10:53.15] sort= 17 
[2024/08/12 周一 14:10:53.15] delsort=14 
[2024/08/12 周一 14:10:53.18] Backup completed. 
AutoBackup - by yzworkstation - Started. (2024/08/12 周一 14:13:27.87) 
Running - [2024/08/12 周一 14:13:27.88] 
[Launch 2024/08/12 周一 14:13:27.90] Timer started. 
[Launch 2024/08/12 周一 14:13:27.91] Tracer started. 
[2024/08/12 周一 14:13:33.13] Backuping... 
[2024/08/12 周一 14:13:33.14] Debug info: 
[2024/08/12 周一 14:13:33.14] sort= 18 
[2024/08/12 周一 14:13:33.15] delsort= 
[2024/08/12 周一 14:13:33.25] Backup completed. 
AutoBackup - by yzworkstation - Started. (2024/08/12 周一 14:14:03.03) 
Running - [2024/08/12 周一 14:14:03.03] 
[Launch 2024/08/12 周一 14:14:03.05] Timer started. 
[Launch 2024/08/12 周一 14:14:03.06] Tracer started. 
[2024/08/12 周一 14:14:08.20] Backuping... 
[2024/08/12 周一 14:14:08.20] Debug info: 
[2024/08/12 周一 14:14:08.21] sort= 0 
[2024/08/12 周一 14:14:08.22] delsort= 
[2024/08/12 周一 14:14:08.25] Backup completed. 
AutoBackup - by yzworkstation - Started. (2024/08/12 周一 14:15:08.92) 
Running - [2024/08/12 周一 14:15:08.92] 
[Launch 2024/08/12 周一 14:15:08.93] Timer started. 
[Launch 2024/08/12 周一 14:15:08.94] Tracer started. 
[2024/08/12 周一 14:15:14.18] Backuping... 
[2024/08/12 周一 14:15:14.18] Debug info: 
[2024/08/12 周一 14:15:14.19] sort= 1 
[2024/08/12 周一 14:15:14.20] delsort= 
[2024/08/12 周一 14:15:14.23] Backup completed. 
AutoBackup - by yzworkstation - Started. (2024/08/12 周一 14:16:05.26) 
Running - [2024/08/12 周一 14:16:05.26] 
[Launch 2024/08/12 周一 14:16:05.27] Timer started. 
[Launch 2024/08/12 周一 14:16:05.29] Tracer started. 
[2024/08/12 周一 14:16:10.20] Backuping... 
[2024/08/12 周一 14:16:10.20] Debug info: 
[2024/08/12 周一 14:16:10.21] sort= 2 
[2024/08/12 周一 14:16:10.21] delsort= 
[2024/08/12 周一 14:16:10.24] Backup completed. 
[2024/08/12 周一 14:16:16.12] Backuping... 
[2024/08/12 周一 14:16:16.13] Debug info: 
[2024/08/12 周一 14:16:16.13] sort= 3 
[2024/08/12 周一 14:16:16.14] delsort=0 
[2024/08/12 周一 14:16:16.17] Backup completed. 
[2024/08/12 周一 14:16:22.17] Backuping... 
[2024/08/12 周一 14:16:22.17] Debug info: 
[2024/08/12 周一 14:16:22.18] sort= 4 
[2024/08/12 周一 14:16:22.18] delsort=1 
[2024/08/12 周一 14:16:22.21] Backup completed. 
[2024/08/12 周一 14:16:28.20] Backuping... 
[2024/08/12 周一 14:16:28.20] Debug info: 
[2024/08/12 周一 14:16:28.21] sort= 5 
[2024/08/12 周一 14:16:28.22] delsort=2 
[2024/08/12 周一 14:16:28.25] Backup completed. 
[2024/08/12 周一 14:16:34.15] Backuping... 
[2024/08/12 周一 14:16:34.15] Debug info: 
[2024/08/12 周一 14:16:34.15] sort= 6 
[2024/08/12 周一 14:16:34.16] delsort=3 
[2024/08/12 周一 14:16:34.19] Backup completed. 
[2024/08/12 周一 14:16:40.21] Backuping... 
[2024/08/12 周一 14:16:40.21] Debug info: 
[2024/08/12 周一 14:16:40.22] sort= 7 
[2024/08/12 周一 14:16:40.23] delsort=4 
[2024/08/12 周一 14:16:40.26] Backup completed. 
[2024/08/12 周一 14:16:46.16] Backuping... 
[2024/08/12 周一 14:16:46.16] Debug info: 
[2024/08/12 周一 14:16:46.17] sort= 8 
[2024/08/12 周一 14:16:46.18] delsort=5 
[2024/08/12 周一 14:16:46.21] Backup completed. 
[2024/08/12 周一 14:16:52.21] Backuping... 
[2024/08/12 周一 14:16:52.21] Debug info: 
[2024/08/12 周一 14:16:52.22] sort= 9 
[2024/08/12 周一 14:16:52.23] delsort=6 
[2024/08/12 周一 14:16:52.26] Backup completed. 
[2024/08/12 周一 14:16:58.15] Backuping... 
[2024/08/12 周一 14:16:58.15] Debug info: 
[2024/08/12 周一 14:16:58.16] sort= 10 
[2024/08/12 周一 14:16:58.17] delsort=7 
[2024/08/12 周一 14:16:58.20] Backup completed. 
[2024/08/12 周一 14:17:04.19] Backuping... 
[2024/08/12 周一 14:17:04.20] Debug info: 
[2024/08/12 周一 14:17:04.20] sort= 11 
[2024/08/12 周一 14:17:04.21] delsort=8 
[2024/08/12 周一 14:17:04.24] Backup completed. 
[2024/08/12 周一 14:17:10.13] Backuping... 
[2024/08/12 周一 14:17:10.13] Debug info: 
[2024/08/12 周一 14:17:10.14] sort= 12 
[2024/08/12 周一 14:17:10.14] delsort=9 
[2024/08/12 周一 14:17:10.17] Backup completed. 
[2024/08/12 周一 14:17:16.18] Backuping... 
[2024/08/12 周一 14:17:16.18] Debug info: 
[2024/08/12 周一 14:17:16.18] sort= 13 
[2024/08/12 周一 14:17:16.19] delsort=10 
[2024/08/12 周一 14:17:16.22] Backup completed. 
[2024/08/12 周一 14:17:22.22] Backuping... 
[2024/08/12 周一 14:17:22.22] Debug info: 
[2024/08/12 周一 14:17:22.23] sort= 14 
[2024/08/12 周一 14:17:22.23] delsort=11 
[2024/08/12 周一 14:17:22.26] Backup completed. 
[2024/08/12 周一 14:17:28.15] Backuping... 
[2024/08/12 周一 14:17:28.15] Debug info: 
[2024/08/12 周一 14:17:28.16] sort= 15 
[2024/08/12 周一 14:17:28.17] delsort=12 
[2024/08/12 周一 14:17:28.20] Backup completed. 
[2024/08/12 周一 14:17:34.20] Backuping... 
[2024/08/12 周一 14:17:34.20] Debug info: 
[2024/08/12 周一 14:17:34.20] sort= 16 
[2024/08/12 周一 14:17:34.21] delsort=13 
[2024/08/12 周一 14:17:34.24] Backup completed. 
[2024/08/12 周一 14:17:40.14] Backuping... 
[2024/08/12 周一 14:17:40.14] Debug info: 
[2024/08/12 周一 14:17:40.15] sort= 17 
[2024/08/12 周一 14:17:40.16] delsort=14 
[2024/08/12 周一 14:17:40.19] Backup completed. 
AutoBackup - by yzworkstation - Started. (2024/08/12 周一 14:18:02.53) 
Running - [2024/08/12 周一 14:18:02.53] 
[Launch 2024/08/12 周一 14:18:02.54] Timer started. 
[Launch 2024/08/12 周一 14:18:02.55] Tracer started. 
[2024/08/12 周一 14:18:07.13] Backuping... 
[2024/08/12 周一 14:18:07.13] Debug info: 
[2024/08/12 周一 14:18:07.14] sort= 18 
[2024/08/12 周一 14:18:07.15] delsort= 
[2024/08/12 周一 14:18:07.17] Backup completed. 
[2024/08/12 周一 14:18:13.18] Backuping... 
[2024/08/12 周一 14:18:13.18] Debug info: 
[2024/08/12 周一 14:18:13.19] sort= 19 
[2024/08/12 周一 14:18:13.20] delsort=16 
[2024/08/12 周一 14:18:13.23] Backup completed. 
[2024/08/12 周一 14:18:19.12] Backuping... 
[2024/08/12 周一 14:18:19.12] Debug info: 
[2024/08/12 周一 14:18:19.13] sort= 20 
[2024/08/12 周一 14:18:19.14] delsort=17 
[2024/08/12 周一 14:18:19.17] Backup completed. 
AutoBackup - by yzworkstation - Started. (2024/08/12 周一 16:05:34.20) 
Running - [2024/08/12 周一 16:05:34.21] 
[Launch 2024/08/12 周一 16:05:34.23] Timer started. 
[Launch 2024/08/12 周一 16:05:34.24] Tracer started. 
[2024/08/12 周一 16:05:39.16] Backuping... 
[2024/08/12 周一 16:05:39.16] Debug info: 
[2024/08/12 周一 16:05:39.17] sort= 0 
[2024/08/12 周一 16:05:39.17] delsort= 
[2024/08/12 周一 16:05:39.24] Backup completed. 
[2024/08/12 周一 16:05:45.20] Backuping... 
[2024/08/12 周一 16:05:45.20] Debug info: 
[2024/08/12 周一 16:05:45.21] sort= 1 
[2024/08/12 周一 16:05:45.22] delsort=-2 
[2024/08/12 周一 16:05:45.24] Backup completed. 
[2024/08/12 周一 16:05:51.14] Backuping... 
[2024/08/12 周一 16:05:51.14] Debug info: 
[2024/08/12 周一 16:05:51.15] sort= 2 
[2024/08/12 周一 16:05:51.16] delsort=-1 
[2024/08/12 周一 16:05:51.19] Backup completed. 
[2024/08/12 周一 16:05:57.18] Backuping... 
[2024/08/12 周一 16:05:57.18] Debug info: 
[2024/08/12 周一 16:05:57.19] sort= 3 
[2024/08/12 周一 16:05:57.20] delsort=0 
[2024/08/12 周一 16:05:57.22] Backup completed. 
[2024/08/12 周一 16:06:03.21] Backuping... 
[2024/08/12 周一 16:06:03.21] Debug info: 
[2024/08/12 周一 16:06:03.22] sort= 4 
[2024/08/12 周一 16:06:03.23] delsort=1 
[2024/08/12 周一 16:06:03.26] Backup completed. 
[2024/08/12 周一 16:06:09.17] Backuping... 
[2024/08/12 周一 16:06:09.17] Debug info: 
[2024/08/12 周一 16:06:09.18] sort= 5 
[2024/08/12 周一 16:06:09.18] delsort=2 
[2024/08/12 周一 16:06:09.21] Backup completed. 
[2024/08/12 周一 16:06:15.21] Backuping... 
[2024/08/12 周一 16:06:15.21] Debug info: 
[2024/08/12 周一 16:06:15.22] sort= 6 
[2024/08/12 周一 16:06:15.23] delsort=3 
[2024/08/12 周一 16:06:15.26] Backup completed. 
[2024/08/12 周一 16:06:21.16] Backuping... 
[2024/08/12 周一 16:06:21.16] Debug info: 
[2024/08/12 周一 16:06:21.16] sort= 7 
[2024/08/12 周一 16:06:21.17] delsort=4 
[2024/08/12 周一 16:06:21.20] Backup completed. 
[2024/08/12 周一 16:06:27.20] Backuping... 
[2024/08/12 周一 16:06:27.20] Debug info: 
[2024/08/12 周一 16:06:27.21] sort= 8 
[2024/08/12 周一 16:06:27.21] delsort=5 
[2024/08/12 周一 16:06:27.24] Backup completed. 
[2024/08/12 周一 16:06:33.14] Backuping... 
[2024/08/12 周一 16:06:33.14] Debug info: 
[2024/08/12 周一 16:06:33.15] sort= 9 
[2024/08/12 周一 16:06:33.16] delsort=6 
[2024/08/12 周一 16:06:33.19] Backup completed. 
[2024/08/12 周一 16:06:39.19] Backuping... 
[2024/08/12 周一 16:06:39.19] Debug info: 
[2024/08/12 周一 16:06:39.20] sort= 10 
[2024/08/12 周一 16:06:39.20] delsort=7 
[2024/08/12 周一 16:06:39.23] Backup completed. 
AutoBackup - by yzworkstation - Started. (2024/08/12 周一 21:19:12.06) 
Running - [2024/08/12 周一 21:19:12.07] 
[Launch 2024/08/12 周一 21:19:12.09] Timer started. 
[Launch 2024/08/12 周一 21:19:12.10] Tracer started. 
[2024/08/12 周一 21:19:17.18] Backuping... 
[2024/08/12 周一 21:19:17.18] Debug info: 
[2024/08/12 周一 21:19:17.20] sort= 11 
[2024/08/12 周一 21:19:17.22] delsort= 
[2024/08/12 周一 21:19:17.40] Backup completed. 
AutoBackup - by yzworkstation - Started. (2024/08/12 周一 21:19:59.83) 
Running - [2024/08/12 周一 21:19:59.83] 
[Launch 2024/08/12 周一 21:19:59.86] Timer started. 
[2024/08/12 周一 21:20:05.13] Backuping... 
[2024/08/12 周一 21:20:05.13] Debug info: 
[2024/08/12 周一 21:20:05.14] sort= 12 
[2024/08/12 周一 21:20:05.15] delsort= 
[2024/08/12 周一 21:20:05.21] Backup completed. 
[2024/08/12 周一 21:20:11.16] Backuping... 
[2024/08/12 周一 21:20:11.16] Debug info: 
[2024/08/12 周一 21:20:11.18] sort= 13 
[2024/08/12 周一 21:20:11.19] delsort=10 
[2024/08/12 周一 21:20:11.24] Backup completed. 
[2024/08/12 周一 21:20:17.21] Backuping... 
[2024/08/12 周一 21:20:17.21] Debug info: 
[2024/08/12 周一 21:20:17.22] sort= 14 
[2024/08/12 周一 21:20:17.23] delsort=11 
[2024/08/12 周一 21:20:17.28] Backup completed. 
AutoBackup - by yzworkstation - Started. (2024/08/12 周一 21:23:07.76) 
Running - [2024/08/12 周一 21:23:07.77] 
[Launch 2024/08/12 周一 21:23:07.79] Timer started. 
[2024/08/12 周一 21:23:13.18] Backuping... 
[2024/08/12 周一 21:23:13.18] Debug info: 
[2024/08/12 周一 21:23:13.19] sort= 15 
[2024/08/12 周一 21:23:13.20] delsort= 
[2024/08/12 周一 21:23:13.26] Backup completed. 
[2024/08/12 周一 21:23:19.12] Backuping... 
[2024/08/12 周一 21:23:19.12] Debug info: 
[2024/08/12 周一 21:23:19.14] sort= 16 
[2024/08/12 周一 21:23:19.15] delsort=13 
[2024/08/12 周一 21:23:19.19] Backup completed. 
AutoBackup - by yzworkstation - Started. (ㄤ 2024/08/12 21:27:27.46) 
Running - [ㄤ 2024/08/12 21:27:27.46] 
[Launch ㄤ 2024/08/12 21:27:27.47] Timer started. 
[ㄤ 2024/08/12 21:27:32.21] Backuping... 
[ㄤ 2024/08/12 21:27:32.21] Debug info: 
[ㄤ 2024/08/12 21:27:32.22] sort= 17 
[ㄤ 2024/08/12 21:27:32.22] delsort= 
[ㄤ 2024/08/12 21:27:32.26] Backup completed. 
[ㄤ 2024/08/12 21:27:38.12] Backuping... 
[ㄤ 2024/08/12 21:27:38.12] Debug info: 
[ㄤ 2024/08/12 21:27:38.13] sort= 18 
[ㄤ 2024/08/12 21:27:38.14] delsort=15 
[ㄤ 2024/08/12 21:27:38.17] Backup completed. 
[ㄤ 2024/08/12 21:27:44.15] Backuping... 
[ㄤ 2024/08/12 21:27:44.15] Debug info: 
[ㄤ 2024/08/12 21:27:44.16] sort= 19 
[ㄤ 2024/08/12 21:27:44.17] delsort=16 
[ㄤ 2024/08/12 21:27:44.20] Backup completed. 
