[2024/08/12 周一 14:13:28.89] Program traced "" has quit! 
[2024/08/12 周一 14:13:28.89] Backuping... 
backupto=L:\workspace\cmdProjects\autobackup\src\backup\backups\nearest\* 
已复制         0 个文件。
[2024/08/12 周一 14:13:28.90] Backup completed. 
[2024/08/12 周一 14:14:05.36] Program traced "" has quit! 
[2024/08/12 周一 14:14:05.37] Backuping... 
backupto=L:\workspace\cmdProjects\autobackup\src\backup\backups\nearest\* 
已复制         0 个文件。
[2024/08/12 周一 14:14:05.38] Backup completed. 
[2024/08/12 周一 14:15:11.41] Program traced "notepad.exe" has quit! 
[2024/08/12 周一 14:15:11.41] Backuping... 
backupto=L:\workspace\cmdProjects\autobackup\src\backup\backups\nearest\* 
已复制         0 个文件。
[2024/08/12 周一 14:15:11.42] Backup completed. 
[2024/08/12 周一 14:18:19.38] Program traced "notepad.exe" has quit! 
[2024/08/12 周一 14:18:19.38] Backuping... 
backupto=L:\workspace\cmdProjects\autobackup\src\backup\backups\nearest\* 
已复制         0 个文件。
[2024/08/12 周一 14:18:19.39] Backup completed. 
[2024/08/12 周一 16:06:32.38] Program traced "notepad.exe" has quit! 
[2024/08/12 周一 16:06:32.39] Backuping... 
L:\workspace\cmdProjects\autobackup\src\backup\backups\nearest\sort-7-backup-2024081216_06_15.7z
L:\workspace\cmdProjects\autobackup\src\backup\backups\nearest\sort-8-backup-2024081216_06_21.7z
L:\workspace\cmdProjects\autobackup\src\backup\backups\nearest\sort-9-backup-2024081216_06_27.7z
已复制         3 个文件。
[2024/08/12 周一 16:06:32.40] Backup completed. 
[2024/08/12 周一 21:19:15.57] Program traced "notepad.exe" has quit! 
[2024/08/12 周一 21:19:15.58] Backuping... 
L:\workspace\cmdProjects\autobackup\srcchinese\back up\backups\nearest\* 
已复制         0 个文件。
[2024/08/12 周一 21:19:15.60] Backup completed. 
